<?xml version="1.0" encoding="UTF-8"?>
<coverage generated="1675975035221" clover="3.2.0">
  <project timestamp="1675975035221" name="All files">
    <metrics statements="27" coveredstatements="25" conditionals="4" coveredconditionals="2" methods="9" coveredmethods="9" elements="40" coveredelements="36" complexity="0" loc="27" ncloc="27" packages="1" files="1" classes="1"/>
    <file name="WebCrawlerController.ts" path="/Users/julian/simple-web-crawler/classes/WebCrawlerController.ts">
      <metrics statements="27" coveredstatements="25" conditionals="4" coveredconditionals="2" methods="9" coveredmethods="9"/>
      <line num="1" count="1" type="stmt"/>
      <line num="2" count="1" type="stmt"/>
      <line num="4" count="1" type="stmt"/>
      <line num="10" count="5" type="cond" truecount="1" falsecount="1"/>
      <line num="11" count="5" type="stmt"/>
      <line num="12" count="5" type="stmt"/>
      <line num="15" count="5" type="stmt"/>
      <line num="16" count="2" type="stmt"/>
      <line num="17" count="2" type="stmt"/>
      <line num="18" count="2" type="stmt"/>
      <line num="20" count="0" type="stmt"/>
      <line num="22" count="2" type="stmt"/>
      <line num="25" count="5" type="stmt"/>
      <line num="26" count="2" type="stmt"/>
      <line num="27" count="2" type="stmt"/>
      <line num="28" count="2" type="cond" truecount="1" falsecount="1"/>
      <line num="30" count="2" type="stmt"/>
      <line num="31" count="1" type="stmt"/>
      <line num="34" count="2" type="stmt"/>
      <line num="35" count="1" type="stmt"/>
      <line num="38" count="2" type="stmt"/>
      <line num="40" count="0" type="stmt"/>
      <line num="44" count="5" type="stmt"/>
      <line num="45" count="4" type="stmt"/>
      <line num="46" count="4" type="stmt"/>
      <line num="47" count="3" type="stmt"/>
      <line num="49" count="1" type="stmt"/>
    </file>
  </project>
</coverage>
