{"/Users/julian/simple-web-crawler/classes/WebCrawlerController.ts": {"path":"/Users/julian/simple-web-crawler/classes/WebCrawlerController.ts","statementMap":{"0":{"start":{"line":1,"column":0},"end":{"line":1,"column":26}},"1":{"start":{"line":2,"column":0},"end":{"line":2,"column":30}},"2":{"start":{"line":15,"column":2},"end":{"line":23,"column":4}},"3":{"start":{"line":15,"column":39},"end":{"line":23,"column":4}},"4":{"start":{"line":16,"column":4},"end":{"line":21,"column":null}},"5":{"start":{"line":17,"column":6},"end":{"line":17,"column":32}},"6":{"start":{"line":18,"column":6},"end":{"line":18,"column":45}},"7":{"start":{"line":20,"column":6},"end":{"line":20,"column":null}},"8":{"start":{"line":22,"column":4},"end":{"line":22,"column":22}},"9":{"start":{"line":25,"column":2},"end":{"line":42,"column":4}},"10":{"start":{"line":25,"column":28},"end":{"line":42,"column":4}},"11":{"start":{"line":26,"column":4},"end":{"line":41,"column":null}},"12":{"start":{"line":27,"column":23},"end":{"line":27,"column":47}},"13":{"start":{"line":28,"column":16},"end":{"line":28,"column":53}},"14":{"start":{"line":30,"column":28},"end":{"line":32,"column":14}},"15":{"start":{"line":31,"column":25},"end":{"line":31,"column":60}},"16":{"start":{"line":34,"column":28},"end":{"line":36,"column":14}},"17":{"start":{"line":35,"column":24},"end":{"line":35,"column":42}},"18":{"start":{"line":38,"column":6},"end":{"line":38,"column":55}},"19":{"start":{"line":40,"column":6},"end":{"line":40,"column":null}},"20":{"start":{"line":44,"column":2},"end":{"line":51,"column":4}},"21":{"start":{"line":44,"column":27},"end":{"line":51,"column":4}},"22":{"start":{"line":45,"column":4},"end":{"line":50,"column":null}},"23":{"start":{"line":46,"column":23},"end":{"line":46,"column":48}},"24":{"start":{"line":47,"column":6},"end":{"line":47,"column":27}},"25":{"start":{"line":49,"column":6},"end":{"line":49,"column":96}},"26":{"start":{"line":10,"column":4},"end":{"line":10,"column":67}},"27":{"start":{"line":11,"column":4},"end":{"line":11,"column":20}},"28":{"start":{"line":12,"column":4},"end":{"line":12,"column":35}},"29":{"start":{"line":4,"column":0},"end":{"line":4,"column":13}}},"fnMap":{"0":{"name":"(anonymous_8)","decl":{"start":{"line":9,"column":2},"end":{"line":9,"column":14}},"loc":{"start":{"line":9,"column":53},"end":{"line":13,"column":3}}},"1":{"name":"(anonymous_9)","decl":{"start":{"line":15,"column":10},"end":{"line":15,"column":37}},"loc":{"start":{"line":15,"column":39},"end":{"line":23,"column":4}}},"2":{"name":"(anonymous_10)","decl":{"start":{"line":15,"column":39},"end":{"line":15,"column":null}},"loc":{"start":{"line":15,"column":39},"end":{"line":23,"column":3}}},"3":{"name":"(anonymous_11)","decl":{"start":{"line":25,"column":17},"end":{"line":25,"column":26}},"loc":{"start":{"line":25,"column":28},"end":{"line":42,"column":4}}},"4":{"name":"(anonymous_12)","decl":{"start":{"line":25,"column":28},"end":{"line":25,"column":null}},"loc":{"start":{"line":25,"column":28},"end":{"line":42,"column":3}}},"5":{"name":"(anonymous_13)","decl":{"start":{"line":31,"column":13},"end":{"line":31,"column":14}},"loc":{"start":{"line":31,"column":25},"end":{"line":31,"column":60}}},"6":{"name":"(anonymous_14)","decl":{"start":{"line":35,"column":13},"end":{"line":35,"column":14}},"loc":{"start":{"line":35,"column":24},"end":{"line":35,"column":42}}},"7":{"name":"(anonymous_15)","decl":{"start":{"line":44,"column":16},"end":{"line":44,"column":25}},"loc":{"start":{"line":44,"column":27},"end":{"line":51,"column":4}}},"8":{"name":"(anonymous_16)","decl":{"start":{"line":44,"column":27},"end":{"line":44,"column":null}},"loc":{"start":{"line":44,"column":27},"end":{"line":51,"column":3}}}},"branchMap":{"0":{"loc":{"start":{"line":28,"column":29},"end":{"line":28,"column":52}},"type":"cond-expr","locations":[{"start":{"line":28,"column":40},"end":{"line":28,"column":48}},{"start":{"line":28,"column":50},"end":{"line":28,"column":52}}]},"1":{"loc":{"start":{"line":10,"column":15},"end":{"line":10,"column":66}},"type":"cond-expr","locations":[{"start":{"line":10,"column":41},"end":{"line":10,"column":49}},{"start":{"line":10,"column":52},"end":{"line":10,"column":66}}]}},"s":{"0":1,"1":1,"2":5,"3":2,"4":2,"5":2,"6":2,"7":0,"8":2,"9":5,"10":2,"11":2,"12":2,"13":2,"14":2,"15":1,"16":2,"17":1,"18":2,"19":0,"20":5,"21":4,"22":4,"23":4,"24":3,"25":1,"26":5,"27":5,"28":5,"29":1},"f":{"0":5,"1":2,"2":2,"3":2,"4":2,"5":1,"6":1,"7":4,"8":4},"b":{"0":[2,0],"1":[0,5]}}
}
