TN:
SF:classes/WebCrawlerController.ts
FN:9,(anonymous_8)
FN:15,(anonymous_9)
FN:15,(anonymous_10)
FN:25,(anonymous_11)
FN:25,(anonymous_12)
FN:31,(anonymous_13)
FN:35,(anonymous_14)
FN:44,(anonymous_15)
FN:44,(anonymous_16)
FNF:9
FNH:9
FNDA:5,(anonymous_8)
FNDA:2,(anonymous_9)
FNDA:2,(anonymous_10)
FNDA:2,(anonymous_11)
FNDA:2,(anonymous_12)
FNDA:1,(anonymous_13)
FNDA:1,(anonymous_14)
FNDA:4,(anonymous_15)
FNDA:4,(anonymous_16)
DA:1,1
DA:2,1
DA:4,1
DA:10,5
DA:11,5
DA:12,5
DA:15,5
DA:16,2
DA:17,2
DA:18,2
DA:20,0
DA:22,2
DA:25,5
DA:26,2
DA:27,2
DA:28,2
DA:30,2
DA:31,1
DA:34,2
DA:35,1
DA:38,2
DA:40,0
DA:44,5
DA:45,4
DA:46,4
DA:47,3
DA:49,1
LF:27
LH:25
BRDA:28,0,0,2
BRDA:28,0,1,0
BRDA:10,1,0,0
BRDA:10,1,1,5
BRF:4
BRH:2
end_of_record
